[debug] [2022-04-04T13:55:02.389Z] ----------------------------------------------------------------------
[debug] [2022-04-04T13:55:02.391Z] Command:       C:\Users\lab\nodejs\node.exe C:\Users\lab\AppData\Roaming\npm\node_modules\firebase-tools\lib\bin\firebase.js init
[debug] [2022-04-04T13:55:02.392Z] CLI Version:   10.5.0
[debug] [2022-04-04T13:55:02.392Z] Platform:      win32
[debug] [2022-04-04T13:55:02.392Z] Node Version:  v16.14.2
[debug] [2022-04-04T13:55:02.393Z] Time:          Mon Apr 04 2022 20:55:02 GMT+0700 (Indochina Time)
[debug] [2022-04-04T13:55:02.393Z] ----------------------------------------------------------------------
[debug] 
[debug] [2022-04-04T13:55:02.402Z] > command requires scopes: ["email","openid","https://www.googleapis.com/auth/cloudplatformprojects.readonly","https://www.googleapis.com/auth/firebase","https://www.googleapis.com/auth/cloud-platform"]
[debug] [2022-04-04T13:55:02.402Z] > authorizing via signed-in user (sales@thichcay.com)
[info] 
     ######## #### ########  ######## ########     ###     ######  ########
     ##        ##  ##     ## ##       ##     ##  ##   ##  ##       ##
     ######    ##  ########  ######   ########  #########  ######  ######
     ##        ##  ##    ##  ##       ##     ## ##     ##       ## ##
     ##       #### ##     ## ######## ########  ##     ##  ######  ########

You're about to initialize a Firebase project in this directory:

  C:\Users\thichcayvn\.github\media

Before we get started, keep in mind:

  * You are currently outside your home directory

